<?xml version="1.0" encoding="UTF-8"?>
<!-- Generated by org.testng.reporters.JUnitXMLReporter -->
<testsuite hostname="Joshwan" ignored="0" name="BaseClass" tests="3" failures="2" timestamp="2020-06-04T00:40:24 PDT" time="23.599" errors="0">
  <testcase name="BrowseproductfromPage" time="0.041" classname="frameworkbase.Basepage">
    <failure type="java.lang.NullPointerException">
      <![CDATA[java.lang.NullPointerException
at org.openqa.selenium.support.pagefactory.DefaultElementLocator.findElements(DefaultElementLocator.java:87)
at org.openqa.selenium.support.pagefactory.internal.LocatingElementListHandler.invoke(LocatingElementListHandler.java:37)
at com.sun.proxy.$Proxy8.get(Unknown Source)
at pages.BrowseProduct.selectProduct(BrowseProduct.java:23)
at frameworkbase.Basepage.BrowseproductfromPage(Basepage.java:47)
at java.util.ArrayList.forEach(Unknown Source)
... Removed 27 stack frames]]>
    </failure>
  </testcase> <!-- BrowseproductfromPage -->
  <testcase name="BrowserInitialization" time="23.437" classname="frameworkbase.Basepage"/>
  <testcase name="loginTopage" time="0.008" classname="frameworkbase.Basepage">
    <failure type="java.lang.NullPointerException">
      <![CDATA[java.lang.NullPointerException
at java.util.Objects.requireNonNull(Unknown Source)
at org.openqa.selenium.interactions.Actions.<init>(Actions.java:65)
at pages.HomePage.clickSignin(HomePage.java:23)
at frameworkbase.Basepage.loginTopage(Basepage.java:37)
at java.util.ArrayList.forEach(Unknown Source)
... Removed 27 stack frames]]>
    </failure>
  </testcase> <!-- loginTopage -->
</testsuite> <!-- BaseClass -->
