<?xml version="1.0" encoding="UTF-8"?>
<testng-results skipped="0" failed="0" ignored="0" total="1" passed="1">
  <reporter-output>
  </reporter-output>
  <suite name="Default suite" duration-ms="51" started-at="2020-06-06T08:02:39 PDT" finished-at="2020-06-06T08:02:39 PDT">
    <groups>
    </groups>
    <test name="Default test" duration-ms="51" started-at="2020-06-06T08:02:39 PDT" finished-at="2020-06-06T08:02:39 PDT">
      <class name="pages.LoginPage">
        <test-method status="PASS" signature="readData()[pri:0, instance:pages.LoginPage@7a187f14]" name="readData" duration-ms="17" started-at="2020-06-06T08:02:39 PDT" finished-at="2020-06-06T08:02:39 PDT">
          <reporter-output>
          </reporter-output>
        </test-method> <!-- readData -->
      </class> <!-- pages.LoginPage -->
    </test> <!-- Default test -->
  </suite> <!-- Default suite -->
</testng-results>
